Detecting C [-std=c11] compiler features failed to compile with the following output:
Change Dir: /home/gerardo/Documentos/Embebidos/Taller#5/cmake/helloworld/build/CMakeFiles/CMakeTmp

Run Build Command:"/usr/bin/make" "cmTC_b1dd1/fast"
/usr/bin/make -f CMakeFiles/cmTC_b1dd1.dir/build.make CMakeFiles/cmTC_b1dd1.dir/build
make[1]: se entra en el directorio '/home/gerardo/Documentos/Embebidos/Taller#5/cmake/helloworld/build/CMakeFiles/CMakeTmp'
make[1]: *** No hay ninguna regla para construir el objetivo '/home/gerardo/Documentos/Embebidos/Taller', necesario para 'CMakeFiles/cmTC_b1dd1.dir/feature_tests.c.o'.  Alto.
make[1]: se sale del directorio '/home/gerardo/Documentos/Embebidos/Taller#5/cmake/helloworld/build/CMakeFiles/CMakeTmp'
Makefile:126: recipe for target 'cmTC_b1dd1/fast' failed
make: *** [cmTC_b1dd1/fast] Error 2



Detecting CXX [-std=c++1z] compiler features failed to compile with the following output:
Change Dir: /home/gerardo/Documentos/Embebidos/Taller#5/cmake/helloworld/build/CMakeFiles/CMakeTmp

Run Build Command:"/usr/bin/make" "cmTC_4e80e/fast"
/usr/bin/make -f CMakeFiles/cmTC_4e80e.dir/build.make CMakeFiles/cmTC_4e80e.dir/build
make[1]: se entra en el directorio '/home/gerardo/Documentos/Embebidos/Taller#5/cmake/helloworld/build/CMakeFiles/CMakeTmp'
make[1]: *** No hay ninguna regla para construir el objetivo '/home/gerardo/Documentos/Embebidos/Taller', necesario para 'CMakeFiles/cmTC_4e80e.dir/feature_tests.cxx.o'.  Alto.
make[1]: se sale del directorio '/home/gerardo/Documentos/Embebidos/Taller#5/cmake/helloworld/build/CMakeFiles/CMakeTmp'
Makefile:126: recipe for target 'cmTC_4e80e/fast' failed
make: *** [cmTC_4e80e/fast] Error 2



